Flow report for final_1
Fri Nov 03 16:10:41 2017
Quartus II Version 9.0 Build 235 06/17/2009 Service Pack 2 SJ Web Edition


---------------------
; Table of Contents ;
---------------------
  1. Legal Notice
  2. Flow Summary
  3. Flow Settings
  4. Flow Non-Default Global Settings
  5. Flow Elapsed Time
  6. Flow OS Summary
  7. Flow Log



----------------
; Legal Notice ;
----------------
Copyright (C) 1991-2009 Altera Corporation
Your use of Altera Corporation's design tools, logic functions 
and other software and tools, and its AMPP partner logic 
functions, and any output files from any of the foregoing 
(including device programming or simulation files), and any 
associated documentation or information are expressly subject 
to the terms and conditions of the Altera Program License 
Subscription Agreement, Altera MegaCore Function License 
Agreement, or other applicable license agreement, including, 
without limitation, that your use is for the sole purpose of 
programming logic devices manufactured by Altera and sold by 
Altera or its authorized distributors.  Please refer to the 
applicable agreement for further details.



+------------------------------------------------------------------------+
; Flow Summary                                                           ;
+-------------------------+----------------------------------------------+
; Flow Status             ; Successful - Fri Nov 03 16:10:41 2017        ;
; Quartus II Version      ; 9.0 Build 235 06/17/2009 SP 2 SJ Web Edition ;
; Revision Name           ; final_1                                      ;
; Top-level Entity Name   ; final_1                                      ;
; Family                  ; MAX II                                       ;
; Device                  ; EPM1270T144C5                                ;
; Timing Models           ; Final                                        ;
; Met timing requirements ; No                                           ;
; Total logic elements    ; 481 / 1,270 ( 38 % )                         ;
; Total pins              ; 57 / 116 ( 49 % )                            ;
; Total virtual pins      ; 0                                            ;
; UFM blocks              ; 0 / 1 ( 0 % )                                ;
+-------------------------+----------------------------------------------+


+-----------------------------------------+
; Flow Settings                           ;
+-------------------+---------------------+
; Option            ; Setting             ;
+-------------------+---------------------+
; Start date & time ; 11/03/2017 16:10:29 ;
; Main task         ; Compilation         ;
; Revision Name     ; final_1             ;
+-------------------+---------------------+


+--------------------------------------------------------------------------------------------------------------------------------+
; Flow Non-Default Global Settings                                                                                               ;
+---------------------------------------+-----------------------------------------+---------------+-------------+----------------+
; Assignment Name                       ; Value                                   ; Default Value ; Entity Name ; Section Id     ;
+---------------------------------------+-----------------------------------------+---------------+-------------+----------------+
; COMPILER_SIGNATURE_ID                 ; 8796750560618.150969662902872           ; --            ; --          ; --             ;
; MAX_CORE_JUNCTION_TEMP                ; 85                                      ; --            ; --          ; --             ;
; MIN_CORE_JUNCTION_TEMP                ; 0                                       ; --            ; --          ; --             ;
; MISC_FILE                             ; \\VBOXSVR\ShareFile\final_1\final_1.dpf ; --            ; --          ; --             ;
; POWER_EXT_SUPPLY_VOLTAGE_TO_REGULATOR ; 3.3V                                    ; --            ; --          ; --             ;
; USE_GENERATED_PHYSICAL_CONSTRAINTS    ; Off                                     ; --            ; --          ; eda_blast_fpga ;
+---------------------------------------+-----------------------------------------+---------------+-------------+----------------+


+-----------------------------------------------------------------------------------------------------------------------------+
; Flow Elapsed Time                                                                                                           ;
+-------------------------+--------------+-------------------------+---------------------+------------------------------------+
; Module Name             ; Elapsed Time ; Average Processors Used ; Peak Virtual Memory ; Total CPU Time (on all processors) ;
+-------------------------+--------------+-------------------------+---------------------+------------------------------------+
; Analysis & Synthesis    ; 00:00:06     ; 1.0                     ; 270 MB              ; 00:00:04                           ;
; Fitter                  ; 00:00:02     ; 1.0                     ; 259 MB              ; 00:00:01                           ;
; Assembler               ; 00:00:01     ; 1.0                     ; 217 MB              ; 00:00:00                           ;
; Classic Timing Analyzer ; 00:00:01     ; 1.0                     ; 195 MB              ; 00:00:01                           ;
; Total                   ; 00:00:10     ; --                      ; --                  ; 00:00:06                           ;
+-------------------------+--------------+-------------------------+---------------------+------------------------------------+


+------------------------------------------------------------------------------------------+
; Flow OS Summary                                                                          ;
+-------------------------+------------------+---------------+------------+----------------+
; Module Name             ; Machine Hostname ; OS Name       ; OS Version ; Processor type ;
+-------------------------+------------------+---------------+------------+----------------+
; Analysis & Synthesis    ; DESKTOP-FU3FGM2  ; Windows Vista ; 6.2        ; x86_64         ;
; Fitter                  ; DESKTOP-FU3FGM2  ; Windows Vista ; 6.2        ; x86_64         ;
; Assembler               ; DESKTOP-FU3FGM2  ; Windows Vista ; 6.2        ; x86_64         ;
; Classic Timing Analyzer ; DESKTOP-FU3FGM2  ; Windows Vista ; 6.2        ; x86_64         ;
+-------------------------+------------------+---------------+------------+----------------+


------------
; Flow Log ;
------------
quartus_map --read_settings_files=on --write_settings_files=off final_1 -c final_1
quartus_fit --read_settings_files=off --write_settings_files=off final_1 -c final_1
quartus_asm --read_settings_files=off --write_settings_files=off final_1 -c final_1
quartus_tan --read_settings_files=off --write_settings_files=off final_1 -c final_1



